<?xml version="1.0" encoding="UTF-8"?>
<testsuites name="Mocha Tests" time="0.838" tests="2" failures="1">
  <testsuite name="Root Suite" timestamp="2023-05-23T20:14:24" tests="0" file="cypress\tests\api\apiA.api.test.ts" time="0.000" failures="0">
  </testsuite>
  <testsuite name="@XYZ-123 -Transactions API" timestamp="2023-05-23T20:14:24" tests="2" time="0.819" failures="1">
    <testcase name="@XYZ-123 -Transactions API @api - @result - [This is my first api A]" time="0.257" classname="@api - @result - [This is my first api A]">
    </testcase>
    <testcase name="@XYZ-123 -Transactions API @api - @result - [This is my second api A]" time="0.000" classname="@api - @result - [This is my second api A]">
      <failure message="expected 200 to equal 220" type="AssertionError"><![CDATA[AssertionError: expected 200 to equal 220
    at Context.eval (webpack:///./cypress/tests/api/apiA.api.test.ts:9:0)

      + expected - actual

      -200
      +220
      ]]></failure>
    </testcase>
  </testsuite>
</testsuites>