<?xml version="1.0" encoding="UTF-8"?>
<testsuites name="Mocha Tests" time="1.185" tests="2" failures="1">
  <testsuite name="Root Suite" timestamp="2023-05-23T20:15:08" tests="0" file="cypress\tests\api\apiA.api.test.ts" time="0.000" failures="0">
  </testsuite>
  <testsuite name="@XYZ-123 -Transactions API" timestamp="2023-05-23T20:15:08" tests="2" time="1.157" failures="1">
    <testcase name="@XYZ-123 -Transactions API @api - @result - [This is my first api A]" time="0.317" classname="@api - @result - [This is my first api A]">
    </testcase>
    <testcase name="@XYZ-123 -Transactions API @api - @result - [This is my second api A]" time="0.000" classname="@api - @result - [This is my second api A]">
      <failure message="expected 200 to equal 220" type="AssertionError"><![CDATA[AssertionError: expected 200 to equal 220
    at ./cypress/tests/api/apiA.api.test.ts/</ (webpack:///./cypress/tests/api/apiA.api.test.ts:9:0)
    at getRet (https://www.google.com/__cypress/runner/cypress_runner.js:135693:20)
    at tryCatcher (https://www.google.com/__cypress/runner/cypress_runner.js:8914:23)
    at ../../node_modules/bluebird/js/release/method.js/module.exports/Promise.try (https://www.google.com/__cypress/runner/cypress_runner.js:6188:29)
    at thenFn (https://www.google.com/__cypress/runner/cypress_runner.js:135704:60)
    at then (https://www.google.com/__cypress/runner/cypress_runner.js:135953:21)
    at wrapped (https://www.google.com/__cypress/runner/cypress_runner.js:151190:19)
    at ../driver/src/cypress/command_queue.ts/runCommand (https://www.google.com/__cypress/runner/cypress_runner.js:150016:15)
    at tryCatcher (https://www.google.com/__cypress/runner/cypress_runner.js:8914:23)
    at ../../node_modules/bluebird/js/release/promise.js/</module.exports/Promise.prototype._settlePromiseFromHandler (https://www.google.com/__cypress/runner/cypress_runner.js:6849:31)
    at ../../node_modules/bluebird/js/release/promise.js/</module.exports/Promise.prototype._settlePromise (https://www.google.com/__cypress/runner/cypress_runner.js:6906:18)
    at ../../node_modules/bluebird/js/release/promise.js/</module.exports/Promise.prototype._settlePromiseCtx (https://www.google.com/__cypress/runner/cypress_runner.js:6943:10)
    at _drainQueueStep (https://www.google.com/__cypress/runner/cypress_runner.js:3625:12)
    at _drainQueue (https://www.google.com/__cypress/runner/cypress_runner.js:3614:24)
    at ../../node_modules/bluebird/js/release/async.js/</Async.prototype._drainQueues (https://www.google.com/__cypress/runner/cypress_runner.js:3630:16)
    at ../../node_modules/bluebird/js/release/async.js/</Async/this.drainQueues (https://www.google.com/__cypress/runner/cypress_runner.js:3500:14)

      + expected - actual

      -200
      +220
      ]]></failure>
    </testcase>
  </testsuite>
</testsuites>